1
0
1
ASSEMBLY
1
CUBOID-1
CUBOID
1
CUBOID-1
14
-2147483646
0
48 1 16 5 0 1 0 -1 -1 17576 1 -1879048189 1 17576 
14
48 1 16 5 0 1 0 -1 -1 17576 1 -1879048189 1 17576 
0
1
CUBOID-1
14
-2147483646
0
48 1 16 5 0 1 0 -1 -1 15625 1 -1879048189 1 15625 
14
48 1 16 5 0 1 0 -1 -1 15625 1 -1879048189 1 15625 
0
7
BACK_FACE_SET
0
1
0
1
CUBOID-1
15
-2147483647
52 1 16 6 0 1 0 -1 -1 625 1 -1610612733 1 625 25 
0
BOTTOM_FACE
0
1
0
1
CUBOID-1
16
-2147483647
56 1 16 7 0 1 0 -1 -1 625 1 -1342177277 601 25 25 625 
0
FRONT_FACE_SET
0
1
0
1
CUBOID-1
15
-2147483647
52 1 16 6 0 1 0 -1 -1 625 1 -1610612733 25 625 25 
0
LEFT_FACE_SET
0
1
0
1
CUBOID-1
14
-2147483647
48 1 16 5 0 1 0 -1 -1 625 1 -1879048189 15001 625 
0
RIGHT_FACE_SET
0
1
0
1
CUBOID-1
14
-2147483647
48 1 16 5 0 1 0 -1 -1 625 1 -1879048189 1 625 
0
TOP_FACE
0
1
0
1
CUBOID-1
16
-2147483647
56 1 16 7 0 1 0 -1 -1 625 1 -1342177277 1 25 25 625 
0
_TOP_FACE_SURFACE_S3
0
2
0
1
CUBOID-1
16
-2147483647
56 1 16 7 0 1 0 -1 -1 625 1 -1342177277 1 25 25 625 
0
1
CUBOID-1
11
INCLUSION_SET_0
0
1
139
-2147483647
548 1 16 130 0 1 0 -1 -1 974 10 -1073741812 -1073741807 -268435430 -268435410 -1073741754 -1073741743 -1073741731 -1073741720 -1073741710 -1073741701 6032 96 251658247 1966080 14336 6576 224 -1073741824 264241155 4161536 32640 -67108609 33030145 122880 7184 256 2 640 62914560 2080768 -2147467328 -8388353 67043329 523264 -536868872 125829135 -1073737792 -4194241 33521664 524032 -67104770 536346639 2088960 8064 8400 320 2 640 -2147483648 1069547527 16760832 -2147221632 -16775169 536739855 4193280 -536838160 2139095167 3932160 2031616 -2147451008 -16776705 268369927 2096640 -134201348 -2097025 16760832 65280 248 9680 288 -16777153 67043328 1048064 -67100674 2146959423 16773120 -2147352640 -33553921 33030145 10288 320 8126464 130560 -67106818 1073479711 8386560 -536805392 -8388097 67043331 261120 992 10928 288 -134217616 267911171 2095104 -268402704 -2096897 67076097 261888 -268433412 58720263 11568 256 253952 -536866832 2145386559 16760832 130944 -67107841 133693447 507904 12208 224 264241152 4161536 32640 -33553921 66846723 520192 2016 12880 160 2113929246 16515072 129024 -1073740816 3 
0
0
INCLUSION_SET_1
0
1
12
11692 11693 12292 12293 12316 12317 12318 12342 12343 12917 12942 12943 
0
0
INCLUSION_SET_2
0
1
11
13455 13456 13457 13480 13481 13482 14080 14081 14082 14105 14106 
0
0
INCLUSION_SET_3
0
1
9
10609 10610 11210 11211 11234 11235 11236 11835 11860 
0
0
INCLUSION_SET_4
0
1
7
1862 2462 2486 2487 2488 3112 3113 
0
0
INCLUSION_SET_5
0
1
10
12362 12363 12387 12388 12962 12963 12987 12988 13012 13013 
0
0
INCLUSION_SET_7
0
1
8
567 568 592 593 1192 1193 1217 1218 
0
0
INCLUSION_SET_8
0
1
6
15556 15557 15580 15581 15582 15606 
0
0
INCLUSION_SET_9
0
1
11
3621 3622 3623 3647 4222 4246 4247 4248 4271 4272 4273 
0
0
MATRIX_SET
0
1
14
-2147483647
48 1 16 5 0 1 0 -1 -1 15625 1 -1879048189 1 15625 
0
0
_I1
0
2
414
-2147483647
1648 1 16 405 0 1 0 -1 -1 14577 119 -1879048071 -1879048069 -1879048067 -1879048065 -1879048063 -1879048061 -1879048059 -1879048057 -1879048055 -1879048053 -1879048051 -1879048049 -1879048047 -1879048045 -1342177131 -1879048039 -1879048037 -1879048035 -1879048033 -1342177119 -1342177115 -1879048023 -1879048021 -1879048019 -1342177105 -1342177101 -1342177097 -1879048005 -1879048003 -1879048001 -1879047999 -1879047997 -1342177083 -1342177079 -1879047987 -1879047985 -1879047983 -1879047981 -1879047979 -1879047977 -1879047975 -1342177061 -1342177057 -1879047965 -1879047963 -1879047961 -1879047959 -1879047957 -1879047955 -1342177041 -1342177037 -1879047945 -1879047943 -1879047941 -1879047939 -1879047937 -1879047935 -1342177021 -1342177017 -1879047925 -1879047923 -1879047921 -1879047919 -1879047917 -1879047915 -1342177001 -1342176997 -1879047905 -1879047903 -1879047901 -1879047899 -1879047897 -1879047895 -1342176981 -1342176977 -1342176973 -1879047881 -1879047879 -1879047877 -1879047875 -1879047873 -1879047871 -1879047869 -1342176955 -1879047863 -1879047861 -1879047859 -1342176945 -1879047853 -1342176939 -1879047847 -1879047845 -1879047843 -1879047841 -1879047839 -1879047837 -1879047835 -1879047833 -1879047831 -1342176917 -1879047825 -1879047823 -1879047821 -1879047819 -1879047817 -1879047815 -1879047813 -1879047811 -1879047809 -1879047807 -1879047805 -1879047803 -1879047801 -1879047799 -1879047797 -1879047795 -1879047793 -1879047791 -1879047789 1 566 569 23 594 598 1194 23 1219 643 1863 599 2463 23 2489 623 3114 507 3624 23 3648 574 4223 23 4249 22 4274 1758 6035 21 2 25 6085 22 6110 496 6610 20 6636 19 6662 17 2 25 6712 18 2 25 6761 20 6785 421 7210 20 7237 17 2 25 7288 15 2 25 7338 16 2 25 7387 18 7412 19 7435 395 7836 18 7862 16 7888 15 2 25 7939 14 2 25 7988 15 8013 16 8037 18 8061 370 8435 19 8462 16 8488 15 8514 13 4 25 8614 14 2 25 8663 16 8687 19 8710 346 9061 18 9087 16 9113 15 9139 13 4 25 9239 14 2 25 9288 16 9312 19 9336 344 9686 18 9712 16 9738 15 9764 13 4 25 9864 14 2 25 9913 16 9937 18 9961 345 10311 18 10337 16 10363 15 10389 13 4 25 10489 14 2 25 10538 16 10562 19 10586 23 10611 321 10935 20 10962 17 10988 15 2 25 11039 13 2 25 11089 14 2 25 11138 16 11163 17 11187 20 11212 22 11237 344 11586 18 11612 17 11638 15 2 25 11688 4 11694 9 11713 15 11738 16 2 25 11787 19 11811 24 2 25 11861 369 12236 19 12262 17 12287 5 12294 10 12313 3 12319 10 12338 4 12344 10 12364 16 2 25 12411 470 12885 20 12911 6 12918 12 12936 6 12944 11 12961 1 12964 16 12986 1 12989 17 13010 2 13014 441 13458 22 13483 597 14083 22 14107 1449 15558 22 15583 23 15607 19 
0
0
0
8
ALL_NODES
0
1
0
1
CUBOID-1
14
-2147483647
48 1 16 5 0 1 0 -1 -1 17576 1 -1879048189 1 17576 
0
BACK_FACE_SET
0
1
0
1
CUBOID-1
15
-2147483647
52 1 16 6 0 1 0 -1 -1 676 1 -1610612733 1 676 26 
0
BOTTOM_FACE
0
1
0
1
CUBOID-1
16
-2147483647
56 1 16 7 0 1 0 -1 -1 676 1 -1342177277 651 26 26 676 
0
FRONT_FACE_SET
0
1
0
1
CUBOID-1
15
-2147483647
52 1 16 6 0 1 0 -1 -1 676 1 -1610612733 26 676 26 
0
LEFT_FACE_SET
0
1
0
1
CUBOID-1
14
-2147483647
48 1 16 5 0 1 0 -1 -1 676 1 -1879048189 16901 676 
0
RIGHT_FACE_SET
0
1
0
1
CUBOID-1
14
-2147483647
48 1 16 5 0 1 0 -1 -1 676 1 -1879048189 1 676 
0
TOP_FACE
0
1
0
1
CUBOID-1
16
-2147483647
56 1 16 7 0 1 0 -1 -1 676 1 -1342177277 1 26 26 676 
0
TOP_FACE_NODES
0
1
0
1
CUBOID-1
16
-2147483647
56 1 16 7 0 1 0 -1 -1 676 1 -1342177277 1 26 26 676 
0
1
CUBOID-1
1
MATRIX_SET
0
1
14
-2147483647
48 1 16 5 0 1 0 -1 -1 17576 1 -1879048189 1 17576 
0
0
0
0
1
TOP_FACE_SURFACE
0
0
0
1
CUBOID-1
0
0
1
S3
16
-2147483647
56 1 16 7 0 1 0 -1 -1 625 1 -1342177277 1 25 25 625 
